engine/sovrd_client.py:25: error: Incompatible default for argument "params" (default has type "None", argument has type "dict[Any, Any]")  [assignment]
engine/sovrd_client.py:25: note: PEP 484 prohibits implicit Optional. Accordingly, mypy has changed its default to no_implicit_optional=True
engine/sovrd_client.py:25: note: Use https://github.com/hauntsaninja/no_implicit_optional to automatically upgrade your codebase
engine/sovrd_client.py:84: error: Incompatible default for argument "agent_id" (default has type "None", argument has type "str")  [assignment]
engine/sovrd_client.py:84: note: PEP 484 prohibits implicit Optional. Accordingly, mypy has changed its default to no_implicit_optional=True
engine/sovrd_client.py:84: note: Use https://github.com/hauntsaninja/no_implicit_optional to automatically upgrade your codebase
engine/hygiene.py:56: error: "object" has no attribute "append"  [attr-defined]
engine/hygiene.py:115: error: Need type annotation for "findings"  [var-annotated]
engine/afm_passes/pruning.py:125: error: Argument 1 to "float" has incompatible type "Union[Any, float, None]"; expected "Union[str, Buffer, SupportsFloat, SupportsIndex]"  [arg-type]
engine/afm_writer.py:13: error: Library stubs not installed for "yaml"  [import-untyped]
engine/afm_writer.py:13: note: Hint: "python3 -m pip install types-PyYAML"
engine/afm_writer.py:13: note: (or run "mypy --install-types" to install all missing stub packages)
engine/tokens.py:43: error: Cannot find implementation or library stub for module named "tiktoken"  [import-not-found]
engine/eval/dataset.py:49: error: Need type annotation for "classes" (hint: "classes: dict[<type>, <type>] = ...")  [var-annotated]
engine/models.py:42: error: Cannot find implementation or library stub for module named "sentence_transformers"  [import-not-found]
engine/writeback.py:253: error: Need type annotation for "results" (hint: "results: list[<type>] = ...")  [var-annotated]
engine/writeback.py:284: error: Argument 1 to "append" of "list" has incompatible type "int"; expected "str"  [arg-type]
engine/faiss_persist.py:106: error: Cannot find implementation or library stub for module named "faiss"  [import-not-found]
engine/backends/qdrant.py:45: error: Cannot find implementation or library stub for module named "qdrant_client"  [import-not-found]
engine/backends/lance.py:45: error: Cannot find implementation or library stub for module named "lancedb"  [import-not-found]
engine/backends/lance.py:45: note: See https://mypy.readthedocs.io/en/stable/running_mypy.html#missing-imports
engine/faiss_index.py:54: error: Cannot find implementation or library stub for module named "faiss"  [import-not-found]
engine/test_pr_writeback_frontmatter.py:25: error: Argument 1 to "WriteBackMemory" has incompatible type "SovereignConfig"; expected "SovereignDB"  [arg-type]
engine/test_pr_writeback_frontmatter.py:27: error: Incompatible types in assignment (expression has type "None", variable has type "SovereignDB")  [assignment]
engine/test_pr_writeback_frontmatter.py:27: note: Error code "assignment" not covered by "type: ignore" comment
engine/backends/faiss_mem.py:39: note: By default the bodies of untyped functions are not checked, consider using --check-untyped-defs  [annotation-unchecked]
engine/backends/faiss_disk.py:53: note: By default the bodies of untyped functions are not checked, consider using --check-untyped-defs  [annotation-unchecked]
engine/wiki_indexer.py:584: error: Argument 1 to "append" of "list" has incompatible type "FaissMemBackend"; expected "FaissDiskBackend"  [arg-type]
engine/indexer.py:19: error: Library stubs not installed for "yaml"  [import-untyped]
engine/indexer.py:73: error: Dict entry 4 has incompatible type "str": "None"; expected "str": "str"  [dict-item]
engine/indexer.py:317: error: Argument 1 to "append" of "list" has incompatible type "FaissMemBackend"; expected "FaissDiskBackend"  [arg-type]
engine/sovrd.py:220: error: Need type annotation for "_latencies"  [var-annotated]
engine/sovrd.py:357: error: Need type annotation for "vaults" (hint: "vaults: list[<type>] = ...")  [var-annotated]
engine/sovrd.py:554: error: Item "None" of "Optional[dict[Any, Any]]" has no attribute "get"  [union-attr]
engine/sovrd.py:1303: error: Need type annotation for "suffix_snippets" (hint: "suffix_snippets: list[<type>] = ...")  [var-annotated]
engine/sovrd.py:2012: error: Need type annotation for "report"  [var-annotated]
engine/sovrd.py:2032: error: Unsupported target for indexed assignment ("Union[dict[str, Union[float, int, dict[Any, Any], str, None]], list[Any], float, None]")  [index]
engine/sovrd.py:2032: error: No overload variant of "__setitem__" of "list" matches argument types "str", "str"  [call-overload]
engine/sovrd.py:2032: note: Possible overload variants:
engine/sovrd.py:2032: note:     def __setitem__(self, SupportsIndex, Any, /) -> None
engine/sovrd.py:2032: note:     def __setitem__(self, slice[Any, Any, Any], Iterable[Any], /) -> None
engine/sovrd.py:2034: error: Unsupported target for indexed assignment ("Union[dict[str, Union[float, int, dict[Any, Any], str, None]], list[Any], float, None]")  [index]
engine/sovrd.py:2034: error: No overload variant of "__setitem__" of "list" matches argument types "str", "str"  [call-overload]
engine/sovrd.py:2034: note: Possible overload variants:
engine/sovrd.py:2034: note:     def __setitem__(self, SupportsIndex, Any, /) -> None
engine/sovrd.py:2034: note:     def __setitem__(self, slice[Any, Any, Any], Iterable[Any], /) -> None
engine/sovrd.py:2035: error: Unsupported target for indexed assignment ("Union[dict[str, Union[float, int, dict[Any, Any], str, None]], list[Any], float, None]")  [index]
engine/sovrd.py:2035: error: No overload variant of "__setitem__" of "list" matches argument types "str", "str"  [call-overload]
engine/sovrd.py:2035: note: Possible overload variants:
engine/sovrd.py:2035: note:     def __setitem__(self, SupportsIndex, Any, /) -> None
engine/sovrd.py:2035: note:     def __setitem__(self, slice[Any, Any, Any], Iterable[Any], /) -> None
engine/sovrd.py:2051: error: Item "dict[str, Union[float, int, dict[Any, Any], str, None]]" of "Union[dict[str, Union[float, int, dict[Any, Any], str, None]], list[Any], float, None]" has no attribute "append"  [union-attr]
engine/sovrd.py:2051: error: Item "float" of "Union[dict[str, Union[float, int, dict[Any, Any], str, None]], list[Any], float, None]" has no attribute "append"  [union-attr]
engine/sovrd.py:2051: error: Item "None" of "Union[dict[str, Union[float, int, dict[Any, Any], str, None]], list[Any], float, None]" has no attribute "append"  [union-attr]
engine/sovrd.py:2105: error: Item "dict[str, Union[float, int, dict[Any, Any], str, None]]" of "Union[dict[str, Union[float, int, dict[Any, Any], str, None]], list[Any], float, None]" has no attribute "append"  [union-attr]
engine/sovrd.py:2105: error: Item "float" of "Union[dict[str, Union[float, int, dict[Any, Any], str, None]], list[Any], float, None]" has no attribute "append"  [union-attr]
engine/sovrd.py:2105: error: Item "None" of "Union[dict[str, Union[float, int, dict[Any, Any], str, None]], list[Any], float, None]" has no attribute "append"  [union-attr]
engine/sovrd.py:2113: error: Item "dict[str, Union[float, int, dict[Any, Any], str, None]]" of "Union[dict[str, Union[float, int, dict[Any, Any], str, None]], list[Any], float, None]" has no attribute "append"  [union-attr]
engine/sovrd.py:2113: error: Item "float" of "Union[dict[str, Union[float, int, dict[Any, Any], str, None]], list[Any], float, None]" has no attribute "append"  [union-attr]
engine/sovrd.py:2113: error: Item "None" of "Union[dict[str, Union[float, int, dict[Any, Any], str, None]], list[Any], float, None]" has no attribute "append"  [union-attr]
engine/sovrd.py:2117: error: Incompatible types in assignment (expression has type "str", target has type "Union[dict[str, Union[float, int, dict[Any, Any], str, None]], list[Any], float, None]")  [assignment]
engine/sovrd.py:2501: error: Function "builtins.callable" is not valid as a type  [valid-type]
engine/sovrd.py:2501: note: Perhaps you meant "typing.Callable" instead of "callable"?
engine/retrieval.py:166: error: Need type annotation for "_feedback_cache" (hint: "_feedback_cache: dict[<type>, <type>] = ...")  [var-annotated]
engine/retrieval.py:190: error: Cannot find implementation or library stub for module named "tiktoken"  [import-not-found]
engine/retrieval.py:208: error: Need type annotation for "results" (hint: "results: list[<type>] = ...")  [var-annotated]
engine/retrieval.py:403: error: No overload variant of "__setitem__" of "list" matches argument types "int", "float"  [call-overload]
engine/retrieval.py:403: note: Possible overload variants:
engine/retrieval.py:403: note:     def __setitem__(self, SupportsIndex, None, /) -> None
engine/retrieval.py:403: note:     def __setitem__(self, slice[Any, Any, Any], Iterable[None], /) -> None
engine/retrieval.py:410: error: Argument 1 to "float" has incompatible type "None"; expected "Union[str, Buffer, SupportsFloat, SupportsIndex]"  [arg-type]
engine/retrieval.py:429: error: No overload variant of "__setitem__" of "list" matches argument types "int", "float"  [call-overload]
engine/retrieval.py:429: note: Possible overload variants:
engine/retrieval.py:429: note:     def __setitem__(self, SupportsIndex, None, /) -> None
engine/retrieval.py:429: note:     def __setitem__(self, slice[Any, Any, Any], Iterable[None], /) -> None
engine/retrieval.py:525: error: Need type annotation for "cache" (hint: "cache: dict[<type>, <type>] = ...")  [var-annotated]
engine/retrieval.py:675: error: Need type annotation for "budgeted" (hint: "budgeted: list[<type>] = ...")  [var-annotated]
engine/retrieval.py:839: error: Incompatible types in assignment (expression has type "FaissMemBackend", variable has type "FaissDiskBackend")  [assignment]
engine/retrieval.py:843: error: Incompatible types in assignment (expression has type "QdrantBackend", variable has type "FaissDiskBackend")  [assignment]
engine/retrieval.py:847: error: Incompatible types in assignment (expression has type "LanceBackend", variable has type "FaissDiskBackend")  [assignment]
engine/retrieval.py:1106: error: Argument 1 to "append" of "list" has incompatible type "float"; expected "str"  [arg-type]
engine/retrieval.py:1109: error: Argument 1 to "append" of "list" has incompatible type "float"; expected "str"  [arg-type]
engine/retrieval.py:1110: error: Argument 1 to "append" of "list" has incompatible type "int"; expected "str"  [arg-type]
engine/retrieval.py:1439: error: List comprehension has incompatible type List[dict[str, Union[int, Any, None]]]; expected List[str]  [misc]
engine/retrieval.py:1482: error: List comprehension has incompatible type List[dict[str, Any]]; expected List[str]  [misc]
engine/retrieval.py:1523: error: List comprehension has incompatible type List[dict[str, Optional[Any]]]; expected List[str]  [misc]
engine/retrieval.py:1558: error: Unsupported target for indexed assignment ("Collection[str]")  [index]
engine/retrieval.py:1559: error: Unsupported target for indexed assignment ("Collection[str]")  [index]
engine/retrieval.py:1562: error: Unsupported target for indexed assignment ("Collection[str]")  [index]
engine/retrieval.py:1580: error: Unsupported target for indexed assignment ("Collection[str]")  [index]
engine/retrieval.py:1584: error: Unsupported target for indexed assignment ("Collection[str]")  [index]
engine/retrieval.py:1587: error: Unsupported target for indexed assignment ("Collection[str]")  [index]
engine/retrieval.py:1795: error: List comprehension has incompatible type List[dict[str, Optional[Any]]]; expected List[str]  [misc]
engine/retrieval.py:1799: error: List comprehension has incompatible type List[dict[str, Any]]; expected List[str]  [misc]
engine/test_frontmatter_security.py:129: error: Library stubs not installed for "yaml"  [import-untyped]
engine/migrate_v3_to_v3_1.py:29: error: Incompatible default for argument "db_path" (default has type "None", argument has type "str")  [assignment]
engine/migrate_v3_to_v3_1.py:29: note: PEP 484 prohibits implicit Optional. Accordingly, mypy has changed its default to no_implicit_optional=True
engine/migrate_v3_to_v3_1.py:29: note: Use https://github.com/hauntsaninja/no_implicit_optional to automatically upgrade your codebase
engine/migrate_v3_to_v3_1.py:137: error: Argument 1 to "migrate" has incompatible type "Optional[str]"; expected "str"  [arg-type]
engine/index_all.py:27: error: Incompatible default for argument "config" (default has type "None", argument has type "SovereignConfig")  [assignment]
engine/index_all.py:27: note: PEP 484 prohibits implicit Optional. Accordingly, mypy has changed its default to no_implicit_optional=True
engine/index_all.py:27: note: Use https://github.com/hauntsaninja/no_implicit_optional to automatically upgrade your codebase
engine/test_principal_binding.py:177: error: Dict entry 2 has incompatible type "str": "int"; expected "str": "str"  [dict-item]
engine/test_principal_binding.py:177: error: Dict entry 3 has incompatible type "str": "bool"; expected "str": "str"  [dict-item]
engine/test_principal_binding.py:179: error: Dict entry 1 has incompatible type "str": "int"; expected "str": "str"  [dict-item]
engine/test_principal_binding.py:185: error: Dict entry 2 has incompatible type "str": "list[Never]"; expected "str": "str"  [dict-item]
engine/test_principal_binding.py:188: error: Dict entry 2 has incompatible type "str": "dict[Never, Never]"; expected "str": "str"  [dict-item]
engine/test_principal_binding.py:190: error: Dict entry 2 has incompatible type "str": "int"; expected "str": "str"  [dict-item]
engine/test_principal_binding.py:194: error: Dict entry 1 has incompatible type "str": "int"; expected "str": "str"  [dict-item]
engine/test_pr2_envelope.py:34: error: Cannot find implementation or library stub for module named "faiss"  [import-not-found]
engine/agent_api.py:167: error: "EpisodicMemory" has no attribute "log_event"  [attr-defined]
engine/agent_api.py:178: error: "start_task" of "EpisodicMemory" does not return a value (it only ever returns None)  [func-returns-value]
engine/agent_api.py:181: error: Argument "task_id" to "start_task" of "EpisodicMemory" has incompatible type "Optional[str]"; expected "str"  [arg-type]
engine/agent_api.py:186: error: Argument 4 to "end_task" of "EpisodicMemory" has incompatible type "Optional[str]"; expected "str"  [arg-type]
engine/agent_api.py:309: error: "create_thread" of "EpisodicMemory" does not return a value (it only ever returns None)  [func-returns-value]
engine/agent_api.py:309: error: Argument "thread_id" to "create_thread" of "EpisodicMemory" has incompatible type "Optional[str]"; expected "str"  [arg-type]
engine/agent_api.py:313: error: "EpisodicMemory" has no attribute "get_thread"; maybe "create_thread"?  [attr-defined]
engine/agent_api.py:317: error: "EpisodicMemory" has no attribute "link_thread_doc"  [attr-defined]
engine/eval/retrievers.py:95: error: Need type annotation for "results" (hint: "results: list[<type>] = ...")  [var-annotated]
engine/eval/retrievers.py:111: error: Unsupported operand types for / ("float" and "int")  [operator]
engine/eval/metrics.py:71: error: Argument 1 to "int" has incompatible type "Optional[Any]"; expected "Union[str, Buffer, SupportsInt, SupportsIndex, SupportsTrunc]"  [arg-type]
engine/eval/metrics.py:71: error: Argument 1 to "float" has incompatible type "Optional[Any]"; expected "Union[str, Buffer, SupportsFloat, SupportsIndex]"  [arg-type]
engine/eval/metrics.py:226: error: Need type annotation for "aggregate_r_at_k"  [var-annotated]
engine/eval/metrics.py:227: error: Need type annotation for "aggregate_ndcg_at_k"  [var-annotated]
engine/eval/metrics.py:228: error: Need type annotation for "aggregate_token_budget_r_at_k"  [var-annotated]
Found 95 errors in 25 files (checked 91 source files)
