Collecting bandit
  Downloading bandit-1.8.6-py3-none-any.whl.metadata (6.9 kB)
Collecting semgrep
  Downloading semgrep-1.136.0-cp39.cp310.cp311.py39.py310.py311-none-macosx_11_0_arm64.whl.metadata (21 kB)
Collecting ruff
  Downloading ruff-0.15.13-py3-none-macosx_11_0_arm64.whl.metadata (26 kB)
Collecting mypy
  Downloading mypy-1.19.1-cp39-cp39-macosx_11_0_arm64.whl.metadata (2.2 kB)
Requirement already satisfied: PyYAML>=5.3.1 in /Users/hansaxelsson/Library/Python/3.9/lib/python/site-packages (from bandit) (6.0.3)
Collecting stevedore>=1.20.0 (from bandit)
  Downloading stevedore-5.5.0-py3-none-any.whl.metadata (2.2 kB)
Requirement already satisfied: rich in /Users/hansaxelsson/Library/Python/3.9/lib/python/site-packages (from bandit) (15.0.0)
Requirement already satisfied: attrs>=21.3 in /Users/hansaxelsson/Library/Python/3.9/lib/python/site-packages (from semgrep) (25.4.0)
Collecting boltons~=21.0 (from semgrep)
  Using cached boltons-21.0.0-py2.py3-none-any.whl.metadata (1.5 kB)
Collecting click-option-group~=0.5 (from semgrep)
  Using cached click_option_group-0.5.9-py3-none-any.whl.metadata (5.8 kB)
Requirement already satisfied: click~=8.1.8 in /Users/hansaxelsson/Library/Python/3.9/lib/python/site-packages (from semgrep) (8.1.8)
Collecting colorama~=0.4.0 (from semgrep)
  Using cached colorama-0.4.6-py2.py3-none-any.whl.metadata (17 kB)
Requirement already satisfied: defusedxml~=0.7.1 in /Users/hansaxelsson/Library/Python/3.9/lib/python/site-packages (from semgrep) (0.7.1)
Collecting exceptiongroup~=1.2.0 (from semgrep)
  Using cached exceptiongroup-1.2.2-py3-none-any.whl.metadata (6.6 kB)
Collecting glom~=22.1 (from semgrep)
  Downloading glom-22.1.0-py2.py3-none-any.whl.metadata (4.9 kB)
Collecting jsonschema~=4.6 (from semgrep)
  Using cached jsonschema-4.25.1-py3-none-any.whl.metadata (7.6 kB)
Collecting opentelemetry-api~=1.25.0 (from semgrep)
  Downloading opentelemetry_api-1.25.0-py3-none-any.whl.metadata (1.4 kB)
Collecting opentelemetry-sdk~=1.25.0 (from semgrep)
  Downloading opentelemetry_sdk-1.25.0-py3-none-any.whl.metadata (1.4 kB)
Collecting opentelemetry-exporter-otlp-proto-http~=1.25.0 (from semgrep)
  Downloading opentelemetry_exporter_otlp_proto_http-1.25.0-py3-none-any.whl.metadata (2.2 kB)
Collecting opentelemetry-instrumentation-requests~=0.46b0 (from semgrep)
  Using cached opentelemetry_instrumentation_requests-0.62b1-py3-none-any.whl.metadata (2.7 kB)
Requirement already satisfied: packaging>=21.0 in /Users/hansaxelsson/Library/Python/3.9/lib/python/site-packages (from semgrep) (25.0)
Collecting peewee~=3.14 (from semgrep)
  Using cached peewee-3.19.0-py3-none-any.whl.metadata (7.0 kB)
Requirement already satisfied: requests~=2.22 in /Users/hansaxelsson/Library/Python/3.9/lib/python/site-packages (from semgrep) (2.32.5)
Collecting rich (from bandit)
  Downloading rich-13.5.3-py3-none-any.whl.metadata (18 kB)
Collecting ruamel.yaml>=0.18.5 (from semgrep)
  Using cached ruamel_yaml-0.19.1-py3-none-any.whl.metadata (16 kB)
Collecting tomli~=2.0.1 (from semgrep)
  Downloading tomli-2.0.2-py3-none-any.whl.metadata (10.0 kB)
Requirement already satisfied: typing-extensions~=4.2 in /Users/hansaxelsson/Library/Python/3.9/lib/python/site-packages (from semgrep) (4.15.0)
Requirement already satisfied: urllib3~=2.0 in /Users/hansaxelsson/Library/Python/3.9/lib/python/site-packages (from semgrep) (2.5.0)
Collecting wcmatch~=8.3 (from semgrep)
  Using cached wcmatch-8.5.2-py3-none-any.whl.metadata (4.8 kB)
Collecting face>=20.1.0 (from glom~=22.1->semgrep)
  Using cached face-26.0.0-py3-none-any.whl.metadata (2.0 kB)
Collecting jsonschema-specifications>=2023.03.6 (from jsonschema~=4.6->semgrep)
  Using cached jsonschema_specifications-2025.9.1-py3-none-any.whl.metadata (2.9 kB)
Collecting referencing>=0.28.4 (from jsonschema~=4.6->semgrep)
  Downloading referencing-0.36.2-py3-none-any.whl.metadata (2.8 kB)
Collecting rpds-py>=0.7.1 (from jsonschema~=4.6->semgrep)
  Downloading rpds_py-0.27.1-cp39-cp39-macosx_11_0_arm64.whl.metadata (4.2 kB)
Collecting deprecated>=1.2.6 (from opentelemetry-api~=1.25.0->semgrep)
  Downloading deprecated-1.3.1-py2.py3-none-any.whl.metadata (5.9 kB)
Collecting importlib-metadata<=7.1,>=6.0 (from opentelemetry-api~=1.25.0->semgrep)
  Downloading importlib_metadata-7.1.0-py3-none-any.whl.metadata (4.7 kB)
Requirement already satisfied: zipp>=0.5 in /Users/hansaxelsson/Library/Python/3.9/lib/python/site-packages (from importlib-metadata<=7.1,>=6.0->opentelemetry-api~=1.25.0->semgrep) (3.23.0)
Requirement already satisfied: googleapis-common-protos~=1.52 in /Users/hansaxelsson/Library/Python/3.9/lib/python/site-packages (from opentelemetry-exporter-otlp-proto-http~=1.25.0->semgrep) (1.74.0)
Collecting opentelemetry-exporter-otlp-proto-common==1.25.0 (from opentelemetry-exporter-otlp-proto-http~=1.25.0->semgrep)
  Downloading opentelemetry_exporter_otlp_proto_common-1.25.0-py3-none-any.whl.metadata (1.7 kB)
Collecting opentelemetry-proto==1.25.0 (from opentelemetry-exporter-otlp-proto-http~=1.25.0->semgrep)
  Downloading opentelemetry_proto-1.25.0-py3-none-any.whl.metadata (2.2 kB)
Collecting protobuf<5.0,>=3.19 (from opentelemetry-proto==1.25.0->opentelemetry-exporter-otlp-proto-http~=1.25.0->semgrep)
  Downloading protobuf-4.25.9-cp37-abi3-macosx_10_9_universal2.whl.metadata (541 bytes)
Collecting opentelemetry-instrumentation==0.62b1 (from opentelemetry-instrumentation-requests~=0.46b0->semgrep)
  Using cached opentelemetry_instrumentation-0.62b1-py3-none-any.whl.metadata (7.2 kB)
Collecting opentelemetry-semantic-conventions==0.62b1 (from opentelemetry-instrumentation-requests~=0.46b0->semgrep)
  Using cached opentelemetry_semantic_conventions-0.62b1-py3-none-any.whl.metadata (2.5 kB)
Collecting opentelemetry-util-http==0.62b1 (from opentelemetry-instrumentation-requests~=0.46b0->semgrep)
  Using cached opentelemetry_util_http-0.62b1-py3-none-any.whl.metadata (2.6 kB)
Collecting wrapt<3.0.0,>=1.0.0 (from opentelemetry-instrumentation==0.62b1->opentelemetry-instrumentation-requests~=0.46b0->semgrep)
  Downloading wrapt-2.1.2-cp39-cp39-macosx_11_0_arm64.whl.metadata (7.4 kB)
INFO: pip is looking at multiple versions of opentelemetry-semantic-conventions to determine which version is compatible with other requirements. This could take a while.
Collecting opentelemetry-instrumentation-requests~=0.46b0 (from semgrep)
  Using cached opentelemetry_instrumentation_requests-0.62b0-py3-none-any.whl.metadata (2.7 kB)
Collecting opentelemetry-instrumentation==0.62b0 (from opentelemetry-instrumentation-requests~=0.46b0->semgrep)
  Using cached opentelemetry_instrumentation-0.62b0-py3-none-any.whl.metadata (7.2 kB)
Collecting opentelemetry-semantic-conventions==0.62b0 (from opentelemetry-instrumentation-requests~=0.46b0->semgrep)
  Using cached opentelemetry_semantic_conventions-0.62b0-py3-none-any.whl.metadata (2.5 kB)
Collecting opentelemetry-util-http==0.62b0 (from opentelemetry-instrumentation-requests~=0.46b0->semgrep)
  Using cached opentelemetry_util_http-0.62b0-py3-none-any.whl.metadata (2.6 kB)
Collecting opentelemetry-instrumentation-requests~=0.46b0 (from semgrep)
  Using cached opentelemetry_instrumentation_requests-0.61b0-py3-none-any.whl.metadata (2.7 kB)
Collecting opentelemetry-instrumentation==0.61b0 (from opentelemetry-instrumentation-requests~=0.46b0->semgrep)
  Using cached opentelemetry_instrumentation-0.61b0-py3-none-any.whl.metadata (7.2 kB)
Collecting opentelemetry-semantic-conventions==0.61b0 (from opentelemetry-instrumentation-requests~=0.46b0->semgrep)
  Using cached opentelemetry_semantic_conventions-0.61b0-py3-none-any.whl.metadata (2.5 kB)
Collecting opentelemetry-util-http==0.61b0 (from opentelemetry-instrumentation-requests~=0.46b0->semgrep)
  Using cached opentelemetry_util_http-0.61b0-py3-none-any.whl.metadata (2.6 kB)
Collecting wrapt<2.0.0,>=1.0.0 (from opentelemetry-instrumentation==0.61b0->opentelemetry-instrumentation-requests~=0.46b0->semgrep)
  Downloading wrapt-1.17.3-cp39-cp39-macosx_11_0_arm64.whl.metadata (6.4 kB)
Collecting opentelemetry-instrumentation-requests~=0.46b0 (from semgrep)
  Using cached opentelemetry_instrumentation_requests-0.60b1-py3-none-any.whl.metadata (2.6 kB)
Collecting opentelemetry-instrumentation==0.60b1 (from opentelemetry-instrumentation-requests~=0.46b0->semgrep)
  Using cached opentelemetry_instrumentation-0.60b1-py3-none-any.whl.metadata (7.2 kB)
Collecting opentelemetry-semantic-conventions==0.60b1 (from opentelemetry-instrumentation-requests~=0.46b0->semgrep)
  Using cached opentelemetry_semantic_conventions-0.60b1-py3-none-any.whl.metadata (2.4 kB)
Collecting opentelemetry-util-http==0.60b1 (from opentelemetry-instrumentation-requests~=0.46b0->semgrep)
  Using cached opentelemetry_util_http-0.60b1-py3-none-any.whl.metadata (2.6 kB)
Collecting opentelemetry-instrumentation-requests~=0.46b0 (from semgrep)
  Using cached opentelemetry_instrumentation_requests-0.60b0-py3-none-any.whl.metadata (2.6 kB)
Collecting opentelemetry-instrumentation==0.60b0 (from opentelemetry-instrumentation-requests~=0.46b0->semgrep)
  Using cached opentelemetry_instrumentation-0.60b0-py3-none-any.whl.metadata (7.2 kB)
Collecting opentelemetry-semantic-conventions==0.60b0 (from opentelemetry-instrumentation-requests~=0.46b0->semgrep)
  Using cached opentelemetry_semantic_conventions-0.60b0-py3-none-any.whl.metadata (2.4 kB)
Collecting opentelemetry-util-http==0.60b0 (from opentelemetry-instrumentation-requests~=0.46b0->semgrep)
  Using cached opentelemetry_util_http-0.60b0-py3-none-any.whl.metadata (2.6 kB)
Collecting opentelemetry-instrumentation-requests~=0.46b0 (from semgrep)
  Using cached opentelemetry_instrumentation_requests-0.59b0-py3-none-any.whl.metadata (2.6 kB)
Collecting opentelemetry-instrumentation==0.59b0 (from opentelemetry-instrumentation-requests~=0.46b0->semgrep)
  Using cached opentelemetry_instrumentation-0.59b0-py3-none-any.whl.metadata (7.1 kB)
Collecting opentelemetry-semantic-conventions==0.59b0 (from opentelemetry-instrumentation-requests~=0.46b0->semgrep)
  Using cached opentelemetry_semantic_conventions-0.59b0-py3-none-any.whl.metadata (2.4 kB)
Collecting opentelemetry-util-http==0.59b0 (from opentelemetry-instrumentation-requests~=0.46b0->semgrep)
  Using cached opentelemetry_util_http-0.59b0-py3-none-any.whl.metadata (2.6 kB)
Collecting opentelemetry-instrumentation-requests~=0.46b0 (from semgrep)
  Using cached opentelemetry_instrumentation_requests-0.58b0-py3-none-any.whl.metadata (2.6 kB)
Collecting opentelemetry-instrumentation==0.58b0 (from opentelemetry-instrumentation-requests~=0.46b0->semgrep)
  Using cached opentelemetry_instrumentation-0.58b0-py3-none-any.whl.metadata (7.1 kB)
Requirement already satisfied: opentelemetry-semantic-conventions==0.58b0 in /Users/hansaxelsson/Library/Python/3.9/lib/python/site-packages (from opentelemetry-instrumentation-requests~=0.46b0->semgrep) (0.58b0)
Collecting opentelemetry-util-http==0.58b0 (from opentelemetry-instrumentation-requests~=0.46b0->semgrep)
  Using cached opentelemetry_util_http-0.58b0-py3-none-any.whl.metadata (2.6 kB)
Collecting opentelemetry-instrumentation-requests~=0.46b0 (from semgrep)
  Downloading opentelemetry_instrumentation_requests-0.57b0-py3-none-any.whl.metadata (2.6 kB)
Collecting opentelemetry-instrumentation==0.57b0 (from opentelemetry-instrumentation-requests~=0.46b0->semgrep)
  Downloading opentelemetry_instrumentation-0.57b0-py3-none-any.whl.metadata (6.7 kB)
Collecting opentelemetry-semantic-conventions==0.57b0 (from opentelemetry-instrumentation-requests~=0.46b0->semgrep)
  Downloading opentelemetry_semantic_conventions-0.57b0-py3-none-any.whl.metadata (2.4 kB)
Collecting opentelemetry-util-http==0.57b0 (from opentelemetry-instrumentation-requests~=0.46b0->semgrep)
  Downloading opentelemetry_util_http-0.57b0-py3-none-any.whl.metadata (2.6 kB)
INFO: pip is still looking at multiple versions of opentelemetry-semantic-conventions to determine which version is compatible with other requirements. This could take a while.
Collecting opentelemetry-instrumentation-requests~=0.46b0 (from semgrep)
  Downloading opentelemetry_instrumentation_requests-0.56b0-py3-none-any.whl.metadata (2.6 kB)
Collecting opentelemetry-instrumentation==0.56b0 (from opentelemetry-instrumentation-requests~=0.46b0->semgrep)
  Downloading opentelemetry_instrumentation-0.56b0-py3-none-any.whl.metadata (6.7 kB)
Collecting opentelemetry-semantic-conventions==0.56b0 (from opentelemetry-instrumentation-requests~=0.46b0->semgrep)
  Downloading opentelemetry_semantic_conventions-0.56b0-py3-none-any.whl.metadata (2.4 kB)
Collecting opentelemetry-util-http==0.56b0 (from opentelemetry-instrumentation-requests~=0.46b0->semgrep)
  Downloading opentelemetry_util_http-0.56b0-py3-none-any.whl.metadata (2.6 kB)
Collecting opentelemetry-instrumentation-requests~=0.46b0 (from semgrep)
  Downloading opentelemetry_instrumentation_requests-0.55b1-py3-none-any.whl.metadata (2.6 kB)
Collecting opentelemetry-instrumentation==0.55b1 (from opentelemetry-instrumentation-requests~=0.46b0->semgrep)
  Downloading opentelemetry_instrumentation-0.55b1-py3-none-any.whl.metadata (6.7 kB)
Collecting opentelemetry-semantic-conventions==0.55b1 (from opentelemetry-instrumentation-requests~=0.46b0->semgrep)
  Downloading opentelemetry_semantic_conventions-0.55b1-py3-none-any.whl.metadata (2.5 kB)
Collecting opentelemetry-util-http==0.55b1 (from opentelemetry-instrumentation-requests~=0.46b0->semgrep)
  Downloading opentelemetry_util_http-0.55b1-py3-none-any.whl.metadata (2.6 kB)
Collecting opentelemetry-instrumentation-requests~=0.46b0 (from semgrep)
  Downloading opentelemetry_instrumentation_requests-0.55b0-py3-none-any.whl.metadata (2.6 kB)
Collecting opentelemetry-instrumentation==0.55b0 (from opentelemetry-instrumentation-requests~=0.46b0->semgrep)
  Downloading opentelemetry_instrumentation-0.55b0-py3-none-any.whl.metadata (6.7 kB)
Collecting opentelemetry-semantic-conventions==0.55b0 (from opentelemetry-instrumentation-requests~=0.46b0->semgrep)
  Downloading opentelemetry_semantic_conventions-0.55b0-py3-none-any.whl.metadata (2.5 kB)
Collecting opentelemetry-util-http==0.55b0 (from opentelemetry-instrumentation-requests~=0.46b0->semgrep)
  Downloading opentelemetry_util_http-0.55b0-py3-none-any.whl.metadata (2.6 kB)
Collecting opentelemetry-instrumentation-requests~=0.46b0 (from semgrep)
  Downloading opentelemetry_instrumentation_requests-0.54b1-py3-none-any.whl.metadata (2.7 kB)
Collecting opentelemetry-instrumentation==0.54b1 (from opentelemetry-instrumentation-requests~=0.46b0->semgrep)
  Downloading opentelemetry_instrumentation-0.54b1-py3-none-any.whl.metadata (6.8 kB)
Collecting opentelemetry-semantic-conventions==0.54b1 (from opentelemetry-instrumentation-requests~=0.46b0->semgrep)
  Downloading opentelemetry_semantic_conventions-0.54b1-py3-none-any.whl.metadata (2.5 kB)
Collecting opentelemetry-util-http==0.54b1 (from opentelemetry-instrumentation-requests~=0.46b0->semgrep)
  Downloading opentelemetry_util_http-0.54b1-py3-none-any.whl.metadata (2.6 kB)
Collecting opentelemetry-instrumentation-requests~=0.46b0 (from semgrep)
  Downloading opentelemetry_instrumentation_requests-0.54b0-py3-none-any.whl.metadata (2.7 kB)
Collecting opentelemetry-instrumentation==0.54b0 (from opentelemetry-instrumentation-requests~=0.46b0->semgrep)
  Downloading opentelemetry_instrumentation-0.54b0-py3-none-any.whl.metadata (6.8 kB)
Collecting opentelemetry-semantic-conventions==0.54b0 (from opentelemetry-instrumentation-requests~=0.46b0->semgrep)
  Downloading opentelemetry_semantic_conventions-0.54b0-py3-none-any.whl.metadata (2.5 kB)
Collecting opentelemetry-util-http==0.54b0 (from opentelemetry-instrumentation-requests~=0.46b0->semgrep)
  Downloading opentelemetry_util_http-0.54b0-py3-none-any.whl.metadata (2.6 kB)
INFO: This is taking longer than usual. You might need to provide the dependency resolver with stricter constraints to reduce runtime. See https://pip.pypa.io/warnings/backtracking for guidance. If you want to abort this run, press Ctrl + C.
Collecting opentelemetry-instrumentation-requests~=0.46b0 (from semgrep)
  Downloading opentelemetry_instrumentation_requests-0.53b1-py3-none-any.whl.metadata (2.7 kB)
Collecting opentelemetry-instrumentation==0.53b1 (from opentelemetry-instrumentation-requests~=0.46b0->semgrep)
  Downloading opentelemetry_instrumentation-0.53b1-py3-none-any.whl.metadata (6.8 kB)
Collecting opentelemetry-semantic-conventions==0.53b1 (from opentelemetry-instrumentation-requests~=0.46b0->semgrep)
  Downloading opentelemetry_semantic_conventions-0.53b1-py3-none-any.whl.metadata (2.5 kB)
Collecting opentelemetry-util-http==0.53b1 (from opentelemetry-instrumentation-requests~=0.46b0->semgrep)
  Downloading opentelemetry_util_http-0.53b1-py3-none-any.whl.metadata (2.6 kB)
Collecting opentelemetry-instrumentation-requests~=0.46b0 (from semgrep)
  Downloading opentelemetry_instrumentation_requests-0.53b0-py3-none-any.whl.metadata (2.7 kB)
Collecting opentelemetry-instrumentation==0.53b0 (from opentelemetry-instrumentation-requests~=0.46b0->semgrep)
  Downloading opentelemetry_instrumentation-0.53b0-py3-none-any.whl.metadata (6.8 kB)
Collecting opentelemetry-semantic-conventions==0.53b0 (from opentelemetry-instrumentation-requests~=0.46b0->semgrep)
  Downloading opentelemetry_semantic_conventions-0.53b0-py3-none-any.whl.metadata (2.5 kB)
Collecting opentelemetry-util-http==0.53b0 (from opentelemetry-instrumentation-requests~=0.46b0->semgrep)
  Downloading opentelemetry_util_http-0.53b0-py3-none-any.whl.metadata (2.6 kB)
Collecting opentelemetry-instrumentation-requests~=0.46b0 (from semgrep)
  Downloading opentelemetry_instrumentation_requests-0.52b1-py3-none-any.whl.metadata (2.7 kB)
Collecting opentelemetry-instrumentation==0.52b1 (from opentelemetry-instrumentation-requests~=0.46b0->semgrep)
  Downloading opentelemetry_instrumentation-0.52b1-py3-none-any.whl.metadata (6.8 kB)
Collecting opentelemetry-semantic-conventions==0.52b1 (from opentelemetry-instrumentation-requests~=0.46b0->semgrep)
  Downloading opentelemetry_semantic_conventions-0.52b1-py3-none-any.whl.metadata (2.5 kB)
Collecting opentelemetry-util-http==0.52b1 (from opentelemetry-instrumentation-requests~=0.46b0->semgrep)
  Downloading opentelemetry_util_http-0.52b1-py3-none-any.whl.metadata (2.6 kB)
Collecting opentelemetry-instrumentation-requests~=0.46b0 (from semgrep)
  Downloading opentelemetry_instrumentation_requests-0.52b0-py3-none-any.whl.metadata (2.7 kB)
Collecting opentelemetry-instrumentation==0.52b0 (from opentelemetry-instrumentation-requests~=0.46b0->semgrep)
  Downloading opentelemetry_instrumentation-0.52b0-py3-none-any.whl.metadata (6.8 kB)
Collecting opentelemetry-semantic-conventions==0.52b0 (from opentelemetry-instrumentation-requests~=0.46b0->semgrep)
  Downloading opentelemetry_semantic_conventions-0.52b0-py3-none-any.whl.metadata (2.5 kB)
Collecting opentelemetry-util-http==0.52b0 (from opentelemetry-instrumentation-requests~=0.46b0->semgrep)
  Downloading opentelemetry_util_http-0.52b0-py3-none-any.whl.metadata (2.6 kB)
Collecting opentelemetry-instrumentation-requests~=0.46b0 (from semgrep)
  Downloading opentelemetry_instrumentation_requests-0.51b0-py3-none-any.whl.metadata (2.7 kB)
Collecting opentelemetry-instrumentation==0.51b0 (from opentelemetry-instrumentation-requests~=0.46b0->semgrep)
  Downloading opentelemetry_instrumentation-0.51b0-py3-none-any.whl.metadata (6.3 kB)
Collecting opentelemetry-semantic-conventions==0.51b0 (from opentelemetry-instrumentation-requests~=0.46b0->semgrep)
  Downloading opentelemetry_semantic_conventions-0.51b0-py3-none-any.whl.metadata (2.5 kB)
Collecting opentelemetry-util-http==0.51b0 (from opentelemetry-instrumentation-requests~=0.46b0->semgrep)
  Downloading opentelemetry_util_http-0.51b0-py3-none-any.whl.metadata (2.6 kB)
Collecting opentelemetry-instrumentation-requests~=0.46b0 (from semgrep)
  Downloading opentelemetry_instrumentation_requests-0.50b0-py3-none-any.whl.metadata (2.5 kB)
Collecting opentelemetry-instrumentation==0.50b0 (from opentelemetry-instrumentation-requests~=0.46b0->semgrep)
  Downloading opentelemetry_instrumentation-0.50b0-py3-none-any.whl.metadata (6.1 kB)
Collecting opentelemetry-semantic-conventions==0.50b0 (from opentelemetry-instrumentation-requests~=0.46b0->semgrep)
  Downloading opentelemetry_semantic_conventions-0.50b0-py3-none-any.whl.metadata (2.3 kB)
Collecting opentelemetry-util-http==0.50b0 (from opentelemetry-instrumentation-requests~=0.46b0->semgrep)
  Downloading opentelemetry_util_http-0.50b0-py3-none-any.whl.metadata (2.5 kB)
Collecting opentelemetry-instrumentation-requests~=0.46b0 (from semgrep)
  Downloading opentelemetry_instrumentation_requests-0.49b2-py3-none-any.whl.metadata (2.5 kB)
Collecting opentelemetry-instrumentation==0.49b2 (from opentelemetry-instrumentation-requests~=0.46b0->semgrep)
  Downloading opentelemetry_instrumentation-0.49b2-py3-none-any.whl.metadata (6.1 kB)
Collecting opentelemetry-semantic-conventions==0.49b2 (from opentelemetry-instrumentation-requests~=0.46b0->semgrep)
  Downloading opentelemetry_semantic_conventions-0.49b2-py3-none-any.whl.metadata (2.3 kB)
Collecting opentelemetry-util-http==0.49b2 (from opentelemetry-instrumentation-requests~=0.46b0->semgrep)
  Downloading opentelemetry_util_http-0.49b2-py3-none-any.whl.metadata (2.5 kB)
Collecting opentelemetry-instrumentation-requests~=0.46b0 (from semgrep)
  Downloading opentelemetry_instrumentation_requests-0.49b1-py3-none-any.whl.metadata (2.5 kB)
Collecting opentelemetry-instrumentation==0.49b1 (from opentelemetry-instrumentation-requests~=0.46b0->semgrep)
  Downloading opentelemetry_instrumentation-0.49b1-py3-none-any.whl.metadata (6.2 kB)
Collecting opentelemetry-semantic-conventions==0.49b1 (from opentelemetry-instrumentation-requests~=0.46b0->semgrep)
  Downloading opentelemetry_semantic_conventions-0.49b1-py3-none-any.whl.metadata (2.4 kB)
Collecting opentelemetry-util-http==0.49b1 (from opentelemetry-instrumentation-requests~=0.46b0->semgrep)
  Downloading opentelemetry_util_http-0.49b1-py3-none-any.whl.metadata (2.5 kB)
Collecting opentelemetry-instrumentation-requests~=0.46b0 (from semgrep)
  Downloading opentelemetry_instrumentation_requests-0.49b0-py3-none-any.whl.metadata (2.5 kB)
Collecting opentelemetry-instrumentation==0.49b0 (from opentelemetry-instrumentation-requests~=0.46b0->semgrep)
  Downloading opentelemetry_instrumentation-0.49b0-py3-none-any.whl.metadata (6.2 kB)
Collecting opentelemetry-semantic-conventions==0.49b0 (from opentelemetry-instrumentation-requests~=0.46b0->semgrep)
  Downloading opentelemetry_semantic_conventions-0.49b0-py3-none-any.whl.metadata (2.4 kB)
Collecting opentelemetry-util-http==0.49b0 (from opentelemetry-instrumentation-requests~=0.46b0->semgrep)
  Downloading opentelemetry_util_http-0.49b0-py3-none-any.whl.metadata (2.5 kB)
Collecting opentelemetry-instrumentation-requests~=0.46b0 (from semgrep)
  Downloading opentelemetry_instrumentation_requests-0.48b0-py3-none-any.whl.metadata (2.5 kB)
Collecting opentelemetry-instrumentation==0.48b0 (from opentelemetry-instrumentation-requests~=0.46b0->semgrep)
  Downloading opentelemetry_instrumentation-0.48b0-py3-none-any.whl.metadata (6.1 kB)
Collecting opentelemetry-semantic-conventions==0.48b0 (from opentelemetry-instrumentation-requests~=0.46b0->semgrep)
  Downloading opentelemetry_semantic_conventions-0.48b0-py3-none-any.whl.metadata (2.4 kB)
Collecting opentelemetry-util-http==0.48b0 (from opentelemetry-instrumentation-requests~=0.46b0->semgrep)
  Downloading opentelemetry_util_http-0.48b0-py3-none-any.whl.metadata (2.5 kB)
Requirement already satisfied: setuptools>=16.0 in /Applications/Xcode.app/Contents/Developer/Library/Frameworks/Python3.framework/Versions/3.9/lib/python3.9/site-packages (from opentelemetry-instrumentation==0.48b0->opentelemetry-instrumentation-requests~=0.46b0->semgrep) (58.0.4)
Collecting opentelemetry-instrumentation-requests~=0.46b0 (from semgrep)
  Downloading opentelemetry_instrumentation_requests-0.47b0-py3-none-any.whl.metadata (2.5 kB)
Collecting opentelemetry-instrumentation==0.47b0 (from opentelemetry-instrumentation-requests~=0.46b0->semgrep)
  Downloading opentelemetry_instrumentation-0.47b0-py3-none-any.whl.metadata (6.1 kB)
Collecting opentelemetry-semantic-conventions==0.47b0 (from opentelemetry-instrumentation-requests~=0.46b0->semgrep)
  Downloading opentelemetry_semantic_conventions-0.47b0-py3-none-any.whl.metadata (2.4 kB)
Collecting opentelemetry-util-http==0.47b0 (from opentelemetry-instrumentation-requests~=0.46b0->semgrep)
  Downloading opentelemetry_util_http-0.47b0-py3-none-any.whl.metadata (2.5 kB)
Collecting opentelemetry-instrumentation-requests~=0.46b0 (from semgrep)
  Downloading opentelemetry_instrumentation_requests-0.46b0-py3-none-any.whl.metadata (2.5 kB)
Collecting opentelemetry-instrumentation==0.46b0 (from opentelemetry-instrumentation-requests~=0.46b0->semgrep)
  Downloading opentelemetry_instrumentation-0.46b0-py3-none-any.whl.metadata (6.1 kB)
Collecting opentelemetry-semantic-conventions==0.46b0 (from opentelemetry-instrumentation-requests~=0.46b0->semgrep)
  Downloading opentelemetry_semantic_conventions-0.46b0-py3-none-any.whl.metadata (2.3 kB)
Collecting opentelemetry-util-http==0.46b0 (from opentelemetry-instrumentation-requests~=0.46b0->semgrep)
  Downloading opentelemetry_util_http-0.46b0-py3-none-any.whl.metadata (2.4 kB)
Requirement already satisfied: charset_normalizer<4,>=2 in /Users/hansaxelsson/Library/Python/3.9/lib/python/site-packages (from requests~=2.22->semgrep) (3.4.4)
Requirement already satisfied: idna<4,>=2.5 in /Users/hansaxelsson/Library/Python/3.9/lib/python/site-packages (from requests~=2.22->semgrep) (3.11)
Requirement already satisfied: certifi>=2017.4.17 in /Users/hansaxelsson/Library/Python/3.9/lib/python/site-packages (from requests~=2.22->semgrep) (2025.10.5)
Requirement already satisfied: markdown-it-py>=2.2.0 in /Users/hansaxelsson/Library/Python/3.9/lib/python/site-packages (from rich->bandit) (3.0.0)
Requirement already satisfied: pygments<3.0.0,>=2.13.0 in /Users/hansaxelsson/Library/Python/3.9/lib/python/site-packages (from rich->bandit) (2.19.2)
Collecting bracex>=2.1.1 (from wcmatch~=8.3->semgrep)
  Using cached bracex-2.6-py3-none-any.whl.metadata (3.6 kB)
Collecting mypy_extensions>=1.0.0 (from mypy)
  Using cached mypy_extensions-1.1.0-py3-none-any.whl.metadata (1.1 kB)
Collecting pathspec>=0.9.0 (from mypy)
  Using cached pathspec-1.1.1-py3-none-any.whl.metadata (14 kB)
Collecting librt>=0.6.2 (from mypy)
  Downloading librt-0.11.0-cp39-cp39-macosx_11_0_arm64.whl.metadata (1.3 kB)
Requirement already satisfied: mdurl~=0.1 in /Users/hansaxelsson/Library/Python/3.9/lib/python/site-packages (from markdown-it-py>=2.2.0->rich->bandit) (0.1.2)
Downloading bandit-1.8.6-py3-none-any.whl (133 kB)
Downloading semgrep-1.136.0-cp39.cp310.cp311.py39.py310.py311-none-macosx_11_0_arm64.whl (39.7 MB)
   ━━━━━━━━━━━━━━━━━━━━━━━━━━━━━━━━━━━━━━━━ 39.7/39.7 MB 7.0 MB/s  0:00:05
Using cached boltons-21.0.0-py2.py3-none-any.whl (193 kB)
Using cached click_option_group-0.5.9-py3-none-any.whl (11 kB)
Using cached colorama-0.4.6-py2.py3-none-any.whl (25 kB)
Using cached exceptiongroup-1.2.2-py3-none-any.whl (16 kB)
Downloading glom-22.1.0-py2.py3-none-any.whl (100 kB)
Using cached jsonschema-4.25.1-py3-none-any.whl (90 kB)
Downloading opentelemetry_api-1.25.0-py3-none-any.whl (59 kB)
Downloading importlib_metadata-7.1.0-py3-none-any.whl (24 kB)
Downloading opentelemetry_exporter_otlp_proto_http-1.25.0-py3-none-any.whl (16 kB)
Downloading opentelemetry_exporter_otlp_proto_common-1.25.0-py3-none-any.whl (17 kB)
Downloading opentelemetry_proto-1.25.0-py3-none-any.whl (52 kB)
Downloading opentelemetry_instrumentation_requests-0.46b0-py3-none-any.whl (12 kB)
Downloading opentelemetry_instrumentation-0.46b0-py3-none-any.whl (29 kB)
Downloading opentelemetry_semantic_conventions-0.46b0-py3-none-any.whl (130 kB)
Downloading opentelemetry_util_http-0.46b0-py3-none-any.whl (6.9 kB)
Downloading opentelemetry_sdk-1.25.0-py3-none-any.whl (107 kB)
Using cached peewee-3.19.0-py3-none-any.whl (411 kB)
Downloading protobuf-4.25.9-cp37-abi3-macosx_10_9_universal2.whl (394 kB)
Downloading rich-13.5.3-py3-none-any.whl (239 kB)
Downloading tomli-2.0.2-py3-none-any.whl (13 kB)
Using cached wcmatch-8.5.2-py3-none-any.whl (39 kB)
Downloading wrapt-1.17.3-cp39-cp39-macosx_11_0_arm64.whl (38 kB)
Downloading ruff-0.15.13-py3-none-macosx_11_0_arm64.whl (10.5 MB)
   ━━━━━━━━━━━━━━━━━━━━━━━━━━━━━━━━━━━━━━━━ 10.5/10.5 MB 9.5 MB/s  0:00:01
Downloading mypy-1.19.1-cp39-cp39-macosx_11_0_arm64.whl (12.2 MB)
   ━━━━━━━━━━━━━━━━━━━━━━━━━━━━━━━━━━━━━━━━ 12.2/12.2 MB 11.7 MB/s  0:00:01
Using cached bracex-2.6-py3-none-any.whl (11 kB)
Downloading deprecated-1.3.1-py2.py3-none-any.whl (11 kB)
Using cached face-26.0.0-py3-none-any.whl (54 kB)
Using cached jsonschema_specifications-2025.9.1-py3-none-any.whl (18 kB)
Downloading librt-0.11.0-cp39-cp39-macosx_11_0_arm64.whl (143 kB)
Using cached mypy_extensions-1.1.0-py3-none-any.whl (5.0 kB)
Using cached pathspec-1.1.1-py3-none-any.whl (57 kB)
Downloading referencing-0.36.2-py3-none-any.whl (26 kB)
Downloading rpds_py-0.27.1-cp39-cp39-macosx_11_0_arm64.whl (354 kB)
Using cached ruamel_yaml-0.19.1-py3-none-any.whl (118 kB)
Downloading stevedore-5.5.0-py3-none-any.whl (49 kB)
Installing collected packages: peewee, boltons, wrapt, tomli, stevedore, ruff, ruamel.yaml, rpds-py, protobuf, pathspec, opentelemetry-util-http, mypy_extensions, librt, importlib-metadata, face, exceptiongroup, colorama, click-option-group, bracex, wcmatch, rich, referencing, opentelemetry-proto, mypy, glom, deprecated, opentelemetry-exporter-otlp-proto-common, opentelemetry-api, jsonschema-specifications, bandit, opentelemetry-semantic-conventions, opentelemetry-instrumentation, jsonschema, opentelemetry-sdk, opentelemetry-instrumentation-requests, opentelemetry-exporter-otlp-proto-http, semgrep
  Attempting uninstall: tomli
    Found existing installation: tomli 2.3.0
    Uninstalling tomli-2.3.0:
      Successfully uninstalled tomli-2.3.0
  Attempting uninstall: protobuf
    Found existing installation: protobuf 6.33.6
    Uninstalling protobuf-6.33.6:
      Successfully uninstalled protobuf-6.33.6
  Attempting uninstall: importlib-metadata
    Found existing installation: importlib_metadata 8.7.1
    Uninstalling importlib_metadata-8.7.1:
      Successfully uninstalled importlib_metadata-8.7.1
  Attempting uninstall: exceptiongroup
    Found existing installation: exceptiongroup 1.3.0
    Uninstalling exceptiongroup-1.3.0:
      Successfully uninstalled exceptiongroup-1.3.0
  Attempting uninstall: rich
    Found existing installation: rich 15.0.0
    Uninstalling rich-15.0.0:
      Successfully uninstalled rich-15.0.0
  Attempting uninstall: opentelemetry-proto
    Found existing installation: opentelemetry-proto 1.37.0
    Uninstalling opentelemetry-proto-1.37.0:
      Successfully uninstalled opentelemetry-proto-1.37.0
  Attempting uninstall: opentelemetry-exporter-otlp-proto-common
    Found existing installation: opentelemetry-exporter-otlp-proto-common 1.37.0
    Uninstalling opentelemetry-exporter-otlp-proto-common-1.37.0:
      Successfully uninstalled opentelemetry-exporter-otlp-proto-common-1.37.0
  Attempting uninstall: opentelemetry-api
    Found existing installation: opentelemetry-api 1.37.0
    Uninstalling opentelemetry-api-1.37.0:
      Successfully uninstalled opentelemetry-api-1.37.0
  Attempting uninstall: opentelemetry-semantic-conventions
    Found existing installation: opentelemetry-semantic-conventions 0.58b0
    Uninstalling opentelemetry-semantic-conventions-0.58b0:
      Successfully uninstalled opentelemetry-semantic-conventions-0.58b0
  Attempting uninstall: opentelemetry-sdk
    Found existing installation: opentelemetry-sdk 1.37.0
    Uninstalling opentelemetry-sdk-1.37.0:
      Successfully uninstalled opentelemetry-sdk-1.37.0
  Attempting uninstall: opentelemetry-exporter-otlp-proto-http
    Found existing installation: opentelemetry-exporter-otlp-proto-http 1.37.0
    Uninstalling opentelemetry-exporter-otlp-proto-http-1.37.0:
      Successfully uninstalled opentelemetry-exporter-otlp-proto-http-1.37.0

ERROR: pip's dependency resolver does not currently take into account all the packages that are installed. This behaviour is the source of the following dependency conflicts.
google-adk 1.18.0 requires opentelemetry-api<=1.37.0,>=1.37.0, but you have opentelemetry-api 1.25.0 which is incompatible.
google-adk 1.18.0 requires opentelemetry-exporter-otlp-proto-http>=1.36.0, but you have opentelemetry-exporter-otlp-proto-http 1.25.0 which is incompatible.
google-adk 1.18.0 requires opentelemetry-sdk<=1.37.0,>=1.37.0, but you have opentelemetry-sdk 1.25.0 which is incompatible.
grpcio-status 1.80.0 requires protobuf<7.0.0,>=6.31.1, but you have protobuf 4.25.9 which is incompatible.
mlx-lm 0.31.2 requires mlx>=0.30.4; platform_system == "Darwin", but you have mlx 0.29.3 which is incompatible.
mlx-lm 0.31.2 requires transformers>=5.0.0, but you have transformers 4.57.6 which is incompatible.
opentelemetry-exporter-gcp-logging 1.11.0a0 requires opentelemetry-api>=1.35.0, but you have opentelemetry-api 1.25.0 which is incompatible.
opentelemetry-exporter-gcp-logging 1.11.0a0 requires opentelemetry-sdk<1.39.0,>=1.35.0, but you have opentelemetry-sdk 1.25.0 which is incompatible.
opentelemetry-exporter-gcp-monitoring 1.11.0a0 requires opentelemetry-api~=1.30, but you have opentelemetry-api 1.25.0 which is incompatible.
opentelemetry-exporter-gcp-monitoring 1.11.0a0 requires opentelemetry-sdk~=1.30, but you have opentelemetry-sdk 1.25.0 which is incompatible.
opentelemetry-exporter-gcp-trace 1.11.0 requires opentelemetry-api~=1.30, but you have opentelemetry-api 1.25.0 which is incompatible.
opentelemetry-exporter-gcp-trace 1.11.0 requires opentelemetry-sdk~=1.30, but you have opentelemetry-sdk 1.25.0 which is incompatible.
opentelemetry-resourcedetector-gcp 1.11.0a0 requires opentelemetry-api~=1.30, but you have opentelemetry-api 1.25.0 which is incompatible.
opentelemetry-resourcedetector-gcp 1.11.0a0 requires opentelemetry-sdk~=1.30, but you have opentelemetry-sdk 1.25.0 which is incompatible.
Successfully installed bandit-1.8.6 boltons-21.0.0 bracex-2.6 click-option-group-0.5.9 colorama-0.4.6 deprecated-1.3.1 exceptiongroup-1.2.2 face-26.0.0 glom-22.1.0 importlib-metadata-7.1.0 jsonschema-4.25.1 jsonschema-specifications-2025.9.1 librt-0.11.0 mypy-1.19.1 mypy_extensions-1.1.0 opentelemetry-api-1.25.0 opentelemetry-exporter-otlp-proto-common-1.25.0 opentelemetry-exporter-otlp-proto-http-1.25.0 opentelemetry-instrumentation-0.46b0 opentelemetry-instrumentation-requests-0.46b0 opentelemetry-proto-1.25.0 opentelemetry-sdk-1.25.0 opentelemetry-semantic-conventions-0.46b0 opentelemetry-util-http-0.46b0 pathspec-1.1.1 peewee-3.19.0 protobuf-4.25.9 referencing-0.36.2 rich-13.5.3 rpds-py-0.27.1 ruamel.yaml-0.19.1 ruff-0.15.13 semgrep-1.136.0 stevedore-5.5.0 tomli-2.0.2 wcmatch-8.5.2 wrapt-1.17.3
