F401 [*] `typing.Optional` imported but unused
 --> engine/afm_passes/_graph_utils.py:9:42
  |
7 | import re
8 | import time
9 | from typing import Dict, Iterable, List, Optional, Set
  |                                          ^^^^^^^^
  |
help: Remove unused import: `typing.Optional`

F401 [*] `json` imported but unused
  --> engine/afm_passes/session_distillation.py:11:8
   |
10 | import hashlib
11 | import json
   |        ^^^^
12 | import re
13 | import time
   |
help: Remove unused import: `json`

F401 [*] `typing.Dict` imported but unused
  --> engine/afm_writer.py:11:25
   |
 9 | import time
10 | from pathlib import Path
11 | from typing import Any, Dict, List, Optional
   |                         ^^^^
12 |
13 | import yaml  # RCM-011: for safe_dump of title/tags to prevent newline key injection
   |
help: Remove unused import: `typing.Dict`

F401 [*] `vector_backend.VectorBackend` imported but unused
  --> engine/backends/faiss_disk.py:31:28
   |
29 | import numpy as np
30 |
31 | from vector_backend import VectorBackend, VectorItem, VectorHit
   |                            ^^^^^^^^^^^^^
32 |
33 | logger = logging.getLogger("sovereign.backends.faiss_disk")
   |
help: Remove unused import: `vector_backend.VectorBackend`

F401 [*] `vector_backend.VectorBackend` imported but unused
  --> engine/backends/faiss_mem.py:20:28
   |
18 | import numpy as np
19 |
20 | from vector_backend import VectorBackend, VectorItem, VectorHit
   |                            ^^^^^^^^^^^^^
21 |
22 | logger = logging.getLogger("sovereign.backends.faiss_mem")
   |
help: Remove unused import: `vector_backend.VectorBackend`

F401 [*] `vector_backend.VectorBackend` imported but unused
  --> engine/backends/multi.py:29:28
   |
27 | import numpy as np
28 |
29 | from vector_backend import VectorBackend, VectorItem, VectorHit
   |                            ^^^^^^^^^^^^^
30 |
31 | logger = logging.getLogger("sovereign.backends.multi")
   |
help: Remove unused import: `vector_backend.VectorBackend`

F401 [*] `dataclasses.field` imported but unused
  --> engine/chunker.py:15:36
   |
13 | import logging
14 | from typing import List, Tuple, Optional
15 | from dataclasses import dataclass, field
   |                                    ^^^^^
16 |
17 | import numpy as np
   |
help: Remove unused import: `dataclasses.field`

E741 Ambiguous variable name: `l`
   --> engine/chunker.py:245:25
    |
243 |                     l.strip().startswith(('-', '*', '+'))
244 |                     or re.match(r'^\s*\d+\.', l)
245 |                     for l in current_block
    |                         ^
246 |                 )
247 |                 if current_block and not is_list:
    |

F401 [*] `typing.Optional` imported but unused
  --> engine/config.py:16:26
   |
14 | import os
15 | from dataclasses import dataclass, field
16 | from typing import Dict, Optional
   |                          ^^^^^^^^
17 |
18 | # G02 canonical home resolver (single source of truth for path defaults)
   |
help: Remove unused import: `typing.Optional`

F401 [*] `time` imported but unused
  --> engine/db.py:13:8
   |
11 | import sqlite3
12 | import threading
13 | import time
   |        ^^^^
14 | from contextlib import contextmanager
15 | from typing import Optional
   |
help: Remove unused import: `time`

F401 [*] `typing.Optional` imported but unused
  --> engine/db.py:15:20
   |
13 | import time
14 | from contextlib import contextmanager
15 | from typing import Optional
   |                    ^^^^^^^^
16 |
17 | from config import SovereignConfig, DEFAULT_CONFIG
   |
help: Remove unused import: `typing.Optional`

F401 [*] `numpy` imported but unused
  --> engine/episodic.py:18:17
   |
16 | from datetime import datetime
17 |
18 | import numpy as np
   |                 ^^
19 |
20 | from config import SovereignConfig, DEFAULT_CONFIG
   |
help: Remove unused import: `numpy`

F401 [*] `sqlite3` imported but unused
  --> engine/faiss_index.py:17:8
   |
15 | import os
16 | import logging
17 | import sqlite3
   |        ^^^^^^^
18 | from typing import Dict, List, Optional, Tuple
   |
help: Remove unused import: `sqlite3`

F401 [*] `typing.Optional` imported but unused
  --> engine/faiss_index.py:18:32
   |
16 | import logging
17 | import sqlite3
18 | from typing import Dict, List, Optional, Tuple
   |                                ^^^^^^^^
19 |
20 | import numpy as np
   |
help: Remove unused import: `typing.Optional`

F401 [*] `time` imported but unused
  --> engine/faiss_persist.py:30:8
   |
28 | import os
29 | import sqlite3
30 | import time
   |        ^^^^
31 | from datetime import datetime, timezone
32 | from typing import Dict, List, Optional, Tuple
   |
help: Remove unused import: `time`

F401 [*] `typing.Dict` imported but unused
  --> engine/faiss_persist.py:32:20
   |
30 | import time
31 | from datetime import datetime, timezone
32 | from typing import Dict, List, Optional, Tuple
   |                    ^^^^
33 |
34 | import numpy as np
   |
help: Remove unused import: `typing.Dict`

F401 [*] `json` imported but unused
  --> engine/hyde.py:12:8
   |
10 | from __future__ import annotations
11 |
12 | import json
   |        ^^^^
13 | import logging
14 | import os
   |
help: Remove unused import: `json`

F401 [*] `urllib.request` imported but unused
  --> engine/hyde.py:16:20
   |
14 | import os
15 | from typing import Callable, Dict, List, Optional
16 | from urllib import request
   |                    ^^^^^^^
17 |
18 | from afm_provider import afm_chat_completion, invoke_native_afm, resolve_afm_mode
   |
help: Remove unused import: `urllib.request`

F401 [*] `time` imported but unused
  --> engine/migrate_v3_to_v3_1.py:21:8
   |
19 | import os
20 | import sys
21 | import time
   |        ^^^^
22 | import json
23 | import logging
   |
help: Remove unused import: `time`

F401 [*] `urllib.request` imported but unused
  --> engine/query_expand.py:13:8
   |
11 | import logging
12 | import re
13 | import urllib.request
   |        ^^^^^^^^^^^^^^
14 | from pathlib import Path
15 | from typing import Iterable, List, Optional
   |
help: Remove unused import: `urllib.request`

F401 [*] `typing.Optional` imported but unused
  --> engine/rationale.py:16:26
   |
14 | """
15 |
16 | from typing import Dict, Optional, Any
   |                          ^^^^^^^^
   |
help: Remove unused import: `typing.Optional`

F401 [*] `math` imported but unused
  --> engine/retrieval.py:21:8
   |
20 | import time
21 | import math
   |        ^^^^
22 | import logging
23 | import hashlib
   |
help: Remove unused import: `math`

F401 [*] `vector_backend.VectorHit` imported but unused
   --> engine/retrieval.py:859:36
    |
857 |         Fetches chunk metadata from SQLite to fill path, agent, etc.
858 |         """
859 |         from vector_backend import VectorHit
    |                                    ^^^^^^^^^
860 |         if not hits:
861 |             return []
    |
help: Remove unused import: `vector_backend.VectorHit`

F841 Local variable `rel_path` is assigned to but never used
    --> engine/retrieval.py:1712:13
     |
1710 |             # Wikilink from path
1711 |             path = r.get("path", "")
1712 |             rel_path = path  # full path; callers can relativize if needed
     |             ^^^^^^^^
1713 |             wikilink = _path_to_wikilink(path)
     |
help: Remove assignment to unused variable `rel_path`

F401 `os` imported but unused; consider using `importlib.util.find_spec` to test for availability
   --> engine/seed_identity.py:139:26
    |
137 |             # Use the process-wide singleton to avoid reloading weights
138 |             import sys as _sys
139 |             import os as _os
    |                          ^^^
140 |             _sys.path.insert(0, os.path.dirname(os.path.abspath(__file__)))
141 |             from models import get_embedder
    |
help: Remove unused import: `os`

F541 [*] f-string without any placeholders
   --> engine/seed_identity.py:351:15
    |
349 |             print(f"  {agent_id}: seed={sr['status']}, verify={vr['status']}")
350 |     else:
351 |         print(f"Usage: seed_identity.py [seed|verify|both]")
    |               ^^^^^^^^^^^^^^^^^^^^^^^^^^^^^^^^^^^^^^^^^^^^^
352 |         sys.exit(1)
    |
help: Remove extraneous `f` prefix

E402 Module level import not at top of file
  --> engine/sovereign_memory.py:54:1
   |
52 |     sys.path.insert(0, ENGINE_DIR)
53 |
54 | from config import DEFAULT_CONFIG
   | ^^^^^^^^^^^^^^^^^^^^^^^^^^^^^^^^^
55 | from db import SovereignDB
   |

E402 Module level import not at top of file
  --> engine/sovereign_memory.py:55:1
   |
54 | from config import DEFAULT_CONFIG
55 | from db import SovereignDB
   | ^^^^^^^^^^^^^^^^^^^^^^^^^^
   |

F841 Local variable `faiss` is assigned to but never used
   --> engine/sovereign_memory.py:235:5
    |
233 |     wb_stats = wb.get_stats()
234 |
235 |     faiss = FAISSIndex()
    |     ^^^^^
236 |
237 |     print(json.dumps({
    |
help: Remove assignment to unused variable `faiss`

F401 [*] `socket` imported but unused
  --> engine/sovrd.py:66:8
   |
64 | import hashlib
65 | import signal
66 | import socket
   |        ^^^^^^
67 | import sys
68 | import time
   |
help: Remove unused import: `socket`

F401 [*] `config.SovereignConfig` imported but unused
  --> engine/sovrd.py:88:36
   |
86 |     sys.path.insert(0, str(_ENGINE_DIR))
87 |
88 | from config import DEFAULT_CONFIG, SovereignConfig          # noqa: E402
   |                                    ^^^^^^^^^^^^^^^
89 | from db import SovereignDB                                  # noqa: E402
90 | from principal import (                                     # noqa: E402  # G11 EffectivePrincipal + G14 operator gate
   |
help: Remove unused import: `config.SovereignConfig`

F401 [*] `principal.EffectivePrincipal` imported but unused
  --> engine/sovrd.py:91:5
   |
89 | from db import SovereignDB                                  # noqa: E402
90 | from principal import (                                     # noqa: E402  # G11 EffectivePrincipal + G14 operator gate
91 |     EffectivePrincipal,
   |     ^^^^^^^^^^^^^^^^^^
92 |     IdentityMismatchError,
93 |     can_read_document,  # G19
   |
help: Remove unused import: `principal.EffectivePrincipal`

F841 Local variable `principal` is assigned to but never used
    --> engine/sovrd.py:1105:9
     |
1103 |     # traces are ephemeral/observability and many lack stamped agent_id, so no additional owner-match filter here).
1104 |     try:
1105 |         principal = resolve_effective_principal(
     |         ^^^^^^^^^
1106 |             supplied_agent_id=params.get("agent_id"), transport="uds"
1107 |         )
     |
help: Remove assignment to unused variable `principal`

E401 [*] Multiple imports on one line
    --> engine/sovrd.py:1600:9
     |
1599 | …     # ── Store the learning ───────────────────────────────────────────────
1600 | …     import sqlite3 as _sqlite3, time as _time, json as _json
     |       ^^^^^^^^^^^^^^^^^^^^^^^^^^^^^^^^^^^^^^^^^^^^^^^^^^^^^^^^
1601 | …     import numpy as _np
     |
help: Split imports

F401 [*] `sqlite3` imported but unused
    --> engine/sovrd.py:1600:27
     |
1599 | …     # ── Store the learning ───────────────────────────────────────────────
1600 | …     import sqlite3 as _sqlite3, time as _time, json as _json
     |                         ^^^^^^^^
1601 | …     import numpy as _np
     |
help: Remove unused import: `sqlite3`

E401 [*] Multiple imports on one line
    --> engine/sovrd.py:1748:9
     |
1747 |     try:
1748 |         import time as _time, json as _json
     |         ^^^^^^^^^^^^^^^^^^^^^^^^^^^^^^^^^^^
1749 |         import numpy as _np
     |
help: Split imports

F841 Local variable `principal` is assigned to but never used
    --> engine/sovrd.py:1921:9
     |
1919 |     # full object available for future scoping if needed; redaction remains explicit for the 3 known fields).
1920 |     try:
1921 |         principal = resolve_effective_principal(
     |         ^^^^^^^^^
1922 |             supplied_agent_id=params.get("agent_id"), transport="uds"
1923 |         )
     |
help: Remove assignment to unused variable `principal`

F401 [*] `json` imported but unused
    --> engine/sovrd.py:2437:20
     |
2436 |     import time as _time
2437 |     import json as _json
     |                    ^^^^^
2438 |     now = _time.time()
     |
help: Remove unused import: `json`

F841 Local variable `request_line` is assigned to but never used
    --> engine/sovrd.py:2691:13
     |
2689 |         try:
2690 |             # Read HTTP request
2691 |             request_line = await reader.readline()
     |             ^^^^^^^^^^^^
2692 |             headers = {}
2693 |             while True:
     |
help: Remove assignment to unused variable `request_line`

F401 [*] `os` imported but unused
  --> engine/test_afm_url_binding.py:11:8
   |
 9 | """
10 |
11 | import os
   |        ^^
12 | import sys
13 | from pathlib import Path
   |
help: Remove unused import: `os`

F401 [*] `sys` imported but unused
  --> engine/test_afm_url_binding.py:12:8
   |
11 | import os
12 | import sys
   |        ^^^
13 | from pathlib import Path
   |
help: Remove unused import: `sys`

F401 [*] `pathlib.Path` imported but unused
  --> engine/test_afm_url_binding.py:13:21
   |
11 | import os
12 | import sys
13 | from pathlib import Path
   |                     ^^^^
14 |
15 | import pytest
   |
help: Remove unused import: `pathlib.Path`

F401 [*] `pytest` imported but unused
  --> engine/test_afm_url_binding.py:15:8
   |
13 | from pathlib import Path
14 |
15 | import pytest
   |        ^^^^^^
   |
help: Remove unused import: `pytest`

F401 [*] `tempfile` imported but unused
 --> engine/test_approval_rpc.py:8:8
  |
6 | import os
7 | import sys
8 | import tempfile
  |        ^^^^^^^^
9 | from pathlib import Path
  |
help: Remove unused import: `tempfile`

F401 [*] `pathlib.Path` imported but unused
  --> engine/test_approval_rpc.py:9:21
   |
 7 | import sys
 8 | import tempfile
 9 | from pathlib import Path
   |                     ^^^^
10 |
11 | import pytest
   |
help: Remove unused import: `pathlib.Path`

F401 [*] `pytest` imported but unused
  --> engine/test_approval_rpc.py:11:8
   |
 9 | from pathlib import Path
10 |
11 | import pytest
   |        ^^^^^^
12 |
13 | sys.path.insert(0, os.path.dirname(__file__))
   |
help: Remove unused import: `pytest`

F401 [*] `principal.PRINCIPALS_DIR` imported but unused
  --> engine/test_approval_rpc.py:15:23
   |
13 | sys.path.insert(0, os.path.dirname(__file__))
14 |
15 | from principal import PRINCIPALS_DIR, resolve_effective_principal, is_operator_principal, EffectivePrincipal
   |                       ^^^^^^^^^^^^^^
16 | from sovrd import _resolve_candidate, _handle_learn
   |
help: Remove unused import: `principal.PRINCIPALS_DIR`

F401 [*] `sovrd._handle_learn` imported but unused
  --> engine/test_approval_rpc.py:16:39
   |
15 | from principal import PRINCIPALS_DIR, resolve_effective_principal, is_operator_principal, EffectivePrincipal
16 | from sovrd import _resolve_candidate, _handle_learn
   |                                       ^^^^^^^^^^^^^
   |
help: Remove unused import: `sovrd._handle_learn`

F401 [*] `pytest` imported but unused
  --> engine/test_can_read_document.py:17:8
   |
15 | """
16 |
17 | import pytest
   |        ^^^^^^
18 | from pathlib import Path
   |
help: Remove unused import: `pytest`

F401 [*] `json` imported but unused
 --> engine/test_candidate_lifecycle.py:5:8
  |
3 | Covers migration tables present, stage/list/resolve round-trips, status machine.
4 | """
5 | import json
  |        ^^^^
6 | import os
7 | import sqlite3
  |
help: Remove unused import: `json`

F401 [*] `time` imported but unused
  --> engine/test_candidate_lifecycle.py:9:8
   |
 7 | import sqlite3
 8 | import sys
 9 | import time
   |        ^^^^
10 | from pathlib import Path
   |
help: Remove unused import: `time`

F401 [*] `re` imported but unused
   --> engine/test_candidate_lifecycle.py:105:12
    |
103 | def test_ui_server_candidates_routes_exist():
104 |     """UI smoke: the two new G17 Candidates endpoints are registered in ui-server (no import/syntax error + string presence)."""
105 |     import re
    |            ^^
106 |     src = Path(__file__).parent.parent / "plugins/sovereign-memory/src/ui-server.ts"
107 |     if not src.exists():
    |
help: Remove unused import: `re`

F401 [*] `pytest` imported but unused
  --> engine/test_evidence_envelope.py:11:8
   |
 9 | """
10 |
11 | import pytest
   |        ^^^^^^
12 |
13 | from safety import is_instruction_like
   |
help: Remove unused import: `pytest`

F401 [*] `pytest` imported but unused
  --> engine/test_frontmatter_security.py:16:8
   |
14 | """
15 |
16 | import pytest
   |        ^^^^^^
17 | from pathlib import Path
   |
help: Remove unused import: `pytest`

E402 Module level import not at top of file
   --> engine/test_frontmatter_security.py:129:1
    |
127 | # --- RCM-010 / RCM-011 afm_writer extensions (concrete assertions) ---
128 |
129 | import yaml
    | ^^^^^^^^^^^
    |

F401 [*] `pytest` imported but unused
 --> engine/test_g01_numpy_env.py:7:8
  |
5 | """
6 | import numpy as np
7 | import pytest
  |        ^^^^^^
8 |
9 | def test_numpy_has_version_and_core_constructors():
  |
help: Remove unused import: `pytest`

F401 [*] `re` imported but unused
 --> engine/test_g03_contract_matrix.py:7:8
  |
5 | This is the "lint" required by the gap spec.
6 | """
7 | import re
  |        ^^
8 | from pathlib import Path
  |
help: Remove unused import: `re`

F401 [*] `pytest` imported but unused
  --> engine/test_handoff_wikilink_containment.py:11:8
   |
 9 | """
10 |
11 | import pytest
   |        ^^^^^^
12 | from pathlib import Path
13 | import tempfile
   |
help: Remove unused import: `pytest`

F401 [*] `pathlib.Path` imported but unused
  --> engine/test_handoff_wikilink_containment.py:12:21
   |
11 | import pytest
12 | from pathlib import Path
   |                     ^^^^
13 | import tempfile
14 | import os
   |
help: Remove unused import: `pathlib.Path`

F401 [*] `tempfile` imported but unused
  --> engine/test_handoff_wikilink_containment.py:13:8
   |
11 | import pytest
12 | from pathlib import Path
13 | import tempfile
   |        ^^^^^^^^
14 | import os
   |
help: Remove unused import: `tempfile`

F401 [*] `os` imported but unused
  --> engine/test_handoff_wikilink_containment.py:14:8
   |
12 | from pathlib import Path
13 | import tempfile
14 | import os
   |        ^^
15 |
16 | from principal import EffectivePrincipal, can_read_document
   |
help: Remove unused import: `os`

F401 [*] `pytest` imported but unused
 --> engine/test_learn_default_proposal.py:5:8
  |
3 | import sys
4 |
5 | import pytest
  |        ^^^^^^
6 |
7 | sys.path.insert(0, os.path.dirname(__file__))
  |
help: Remove unused import: `pytest`

F401 [*] `pytest` imported but unused
 --> engine/test_learn_force_requires_operator.py:5:8
  |
3 | import sys
4 |
5 | import pytest
  |        ^^^^^^
6 |
7 | sys.path.insert(0, os.path.dirname(__file__))
  |
help: Remove unused import: `pytest`

F401 [*] `pathlib.Path` imported but unused
  --> engine/test_learn_force_requires_operator.py:15:25
   |
13 |     """G16: force=true on learn() is denied with -32004 for non-operator principal (strict principals dir)."""
14 |     import json
15 |     from pathlib import Path
   |                         ^^^^
16 |     import config as cfg_mod
17 |     import principal as pr_mod
   |
help: Remove unused import: `pathlib.Path`

F401 [*] `os` imported but unused
 --> engine/test_path_resolution.py:7:8
  |
5 | Also sanity-checks plugin TS default via node (if node available) for cross-lang parity.
6 | """
7 | import os
  |        ^^
8 | import subprocess
9 | from pathlib import Path
  |
help: Remove unused import: `os`

F401 [*] `subprocess` imported but unused
 --> engine/test_path_resolution.py:8:8
  |
6 | """
7 | import os
8 | import subprocess
  |        ^^^^^^^^^^
9 | from pathlib import Path
  |
help: Remove unused import: `subprocess`

F401 [*] `pytest` imported but unused
  --> engine/test_path_resolution.py:11:8
   |
 9 | from pathlib import Path
10 |
11 | import pytest
   |        ^^^^^^
12 |
13 | import sys
   |
help: Remove unused import: `pytest`

F401 [*] `os` imported but unused
 --> engine/test_pr10_handoff.py:2:8
  |
1 | import json
2 | import os
  |        ^^
3 | import types
4 | from pathlib import Path
  |
help: Remove unused import: `os`

F401 [*] `pytest` imported but unused
 --> engine/test_pr10_handoff.py:6:8
  |
4 | from pathlib import Path
5 |
6 | import pytest
  |        ^^^^^^
7 |
8 | import sovrd
  |
help: Remove unused import: `pytest`

F841 Local variable `original_resolve` is assigned to but never used
  --> engine/test_pr10_handoff.py:32:5
   |
30 |     import principal as principal_mod
31 |     from principal import EffectivePrincipal
32 |     original_resolve = principal_mod.resolve_effective_principal
   |     ^^^^^^^^^^^^^^^^
33 |
34 |     def _test_resolve(*, supplied_agent_id=None, transport="uds", principals_dir=None):
   |
help: Remove assignment to unused variable `original_resolve`

E402 Module level import not at top of file
   --> engine/test_pr10_handoff.py:260:1
    |
259 | # --- RCM-006/007 required concurrency regression test (PHASE bar + RC_PLAN exit criteria) ---
260 | import asyncio
    | ^^^^^^^^^^^^^^
261 | import time
    |

E402 Module level import not at top of file
   --> engine/test_pr10_handoff.py:261:1
    |
259 | # --- RCM-006/007 required concurrency regression test (PHASE bar + RC_PLAN exit criteria) ---
260 | import asyncio
261 | import time
    | ^^^^^^^^^^^
    |

F401 [*] `json` imported but unused
 --> engine/test_pr11_observability.py:1:8
  |
1 | import json
  |        ^^^^
2 | import os
3 | import sys
  |
help: Remove unused import: `json`

F401 [*] `pytest` imported but unused
 --> engine/test_pr11_observability.py:6:8
  |
4 | import time
5 |
6 | import pytest
  |        ^^^^^^
7 |
8 | sys.path.insert(0, os.path.dirname(__file__))
  |
help: Remove unused import: `pytest`

F401 [*] `sovrd` imported but unused
   --> engine/test_pr11_observability.py:241:12
    |
239 |     Concrete shape check (symmetric to status redaction assert).
240 |     """
241 |     import sovrd
    |            ^^^^^
242 |     from sovrd import _redact_value  # type: ignore
243 |     sample = {"socket_path": "/Users/secret/sovrd.sock", "db_path": "/tmp/secret.db", "text": "safe content"}
    |
help: Remove unused import: `sovrd`

F401 [*] `sqlite3` imported but unused
  --> engine/test_pr1b_contracts.py:13:8
   |
11 | import os
12 | import sys
13 | import sqlite3
   |        ^^^^^^^
14 | import tempfile
   |
help: Remove unused import: `sqlite3`

F401 [*] `tempfile` imported but unused
  --> engine/test_pr1b_contracts.py:14:8
   |
12 | import sys
13 | import sqlite3
14 | import tempfile
   |        ^^^^^^^^
15 |
16 | import pytest
   |
help: Remove unused import: `tempfile`

F401 [*] `pytest` imported but unused
  --> engine/test_pr1b_contracts.py:16:8
   |
14 | import tempfile
15 |
16 | import pytest
   |        ^^^^^^
17 |
18 | sys.path.insert(0, os.path.dirname(__file__))
   |
help: Remove unused import: `pytest`

F401 [*] `tempfile` imported but unused
  --> engine/test_pr2_envelope.py:20:8
   |
18 | import sys
19 | import sqlite3
20 | import tempfile
   |        ^^^^^^^^
21 | import json
22 | import time
   |
help: Remove unused import: `tempfile`

F841 Local variable `statuses` is assigned to but never used
   --> engine/test_pr2_envelope.py:598:9
    |
596 |             "content about superseded", limit=5, include_superseded=True
597 |         )
598 |         statuses = [r.get("review_state") for r in results]
    |         ^^^^^^^^
599 |         # superseded may appear now
600 |         # (verify the filter is actually open, not that the specific result appears)
    |
help: Remove assignment to unused variable `statuses`

F401 [*] `tempfile` imported but unused
  --> engine/test_pr4_eval_harness.py:21:8
   |
19 | import os
20 | import sys
21 | import tempfile
   |        ^^^^^^^^
22 | from pathlib import Path
   |
help: Remove unused import: `tempfile`

F401 [*] `eval.harness._extract_doc_ids` imported but unused
  --> engine/test_pr4_eval_harness.py:38:5
   |
36 |     RipgrepSearcher,
37 |     _calibration_error,
38 |     _extract_doc_ids,
   |     ^^^^^^^^^^^^^^^^
39 |     _mrr,
40 |     _ndcg_at_k,
   |
help: Remove unused import: `eval.harness._extract_doc_ids`

E741 Ambiguous variable name: `l`
   --> engine/test_pr4_eval_harness.py:589:24
    |
587 |             ))
588 |
589 |         lines = [l for l in p.read_text().splitlines() if l.strip()]
    |                        ^
590 |         assert len(lines) == 3
    |

F401 [*] `pytest` imported but unused
  --> engine/test_pr6_contradictions.py:25:8
   |
23 | import time
24 |
25 | import pytest
   |        ^^^^^^
26 | import numpy as np
   |
help: Remove unused import: `pytest`

F401 [*] `db` imported but unused
   --> engine/test_pr6_contradictions.py:219:22
    |
217 |         from writeback import WriteBackMemory
218 |         from config import SovereignConfig
219 |         import db as db_mod
    |                      ^^^^^^
220 |
221 |         db_obj, cfg = _make_db(tmp_path)
    |
help: Remove unused import: `db`

F401 [*] `types` imported but unused
   --> engine/test_pr6_contradictions.py:236:16
    |
234 |         wb._model = _FakeModel()
235 |         # Override the property by monkeypatching
236 |         import types
    |                ^^^^^
237 |         original_model_prop = WriteBackMemory.model.fget
238 |         WriteBackMemory.model = property(lambda self: self._model)
    |
help: Remove unused import: `types`

F401 [*] `types` imported but unused
   --> engine/test_pr6_contradictions.py:268:16
    |
267 |         wb._model = _FakeModel()
268 |         import types
    |                ^^^^^
269 |         WriteBackMemory.model = property(lambda self: self._model)
270 |         try:
    |
help: Remove unused import: `types`

F841 Local variable `seed_id` is assigned to but never used
   --> engine/test_pr6_contradictions.py:973:13
    |
971 |             })
972 |             assert resp1["result"]["status"] == "ok", resp1
973 |             seed_id = resp1["result"]["learning_id"]
    |             ^^^^^^^
974 |
975 |             # Step 2: contradicting learn is blocked
    |
help: Remove assignment to unused variable `seed_id`

F401 [*] `os` imported but unused
 --> engine/test_pr_writeback_frontmatter.py:7:8
  |
5 | disk write with a warning; DB persistence is separate).
6 | """
7 | import os
  |        ^^
8 | import tempfile
9 | from pathlib import Path
  |
help: Remove unused import: `os`

F401 [*] `tempfile` imported but unused
 --> engine/test_pr_writeback_frontmatter.py:8:8
  |
6 | """
7 | import os
8 | import tempfile
  |        ^^^^^^^^
9 | from pathlib import Path
  |
help: Remove unused import: `tempfile`

F401 [*] `pytest` imported but unused
  --> engine/test_pr_writeback_frontmatter.py:11:8
   |
 9 | from pathlib import Path
10 |
11 | import pytest
   |        ^^^^^^
12 |
13 | # test imports the module under test directly
   |
help: Remove unused import: `pytest`

F401 [*] `tempfile` imported but unused
  --> engine/test_principal_binding.py:18:8
   |
16 | import os
17 | import sys
18 | import tempfile
   |        ^^^^^^^^
19 | from pathlib import Path
   |
help: Remove unused import: `tempfile`

F401 [*] `principal.from_local_transport` imported but unused
  --> engine/test_principal_binding.py:31:5
   |
29 |     IdentityMismatchError,
30 |     resolve_effective_principal,
31 |     from_local_transport,
   |     ^^^^^^^^^^^^^^^^^^^^
32 |     make_mismatch_error,
33 | )
   |
help: Remove unused import: `principal.from_local_transport`

F401 [*] `pytest` imported but unused
  --> engine/test_retrieval_visibility.py:12:8
   |
10 | """
11 |
12 | import pytest
   |        ^^^^^^
13 | from unittest.mock import patch, MagicMock
   |
help: Remove unused import: `pytest`

F401 [*] `unittest.mock.patch` imported but unused
  --> engine/test_retrieval_visibility.py:13:27
   |
12 | import pytest
13 | from unittest.mock import patch, MagicMock
   |                           ^^^^^
14 |
15 | from retrieval import RetrievalEngine
   |
help: Remove unused import

F401 [*] `unittest.mock.MagicMock` imported but unused
  --> engine/test_retrieval_visibility.py:13:34
   |
12 | import pytest
13 | from unittest.mock import patch, MagicMock
   |                                  ^^^^^^^^^
14 |
15 | from retrieval import RetrievalEngine
   |
help: Remove unused import

F401 [*] `pytest` imported but unused
  --> engine/test_size_caps_and_sync_warn.py:23:8
   |
21 | from pathlib import Path
22 |
23 | import pytest
   |        ^^^^^^
24 |
25 | sys.path.insert(0, os.path.dirname(__file__))
   |
help: Remove unused import: `pytest`

F401 [*] `tempfile` imported but unused
  --> engine/test_socket_perms.py:9:8
   |
 7 | from pathlib import Path
 8 | import os
 9 | import tempfile
   |        ^^^^^^^^
10 |
11 | # Import from sovrd without running main
   |
help: Remove unused import: `tempfile`

F401 [*] `tempfile` imported but unused
  --> engine/test_vault_root_binding.py:18:8
   |
16 | import os
17 | import json
18 | import tempfile
   |        ^^^^^^^^
19 | from pathlib import Path
   |
help: Remove unused import: `tempfile`

F401 [*] `chunker.Chunk` imported but unused
  --> engine/wiki_indexer.py:24:38
   |
22 | from config import SovereignConfig, DEFAULT_CONFIG
23 | from db import SovereignDB
24 | from chunker import MarkdownChunker, Chunk
   |                                      ^^^^^
25 | from faiss_index import FAISSIndex
   |
help: Remove unused import: `chunker.Chunk`

Found 100 errors.
[*] 84 fixable with the `--fix` option (8 hidden fixes can be enabled with the `--unsafe-fixes` option).
